<?xml version="1.0" encoding="UTF-8"?>
<!-- Generated by org.testng.reporters.JUnitXMLReporter -->
<testsuite ignored="0" hostname="CHETUIWK1311" failures="0" tests="11" name="Free CRM App Test Cases" time="198.029" errors="0" timestamp="2022-07-07T23:23:06 IST">
  <testcase classname="com.crm.qa.testcases.LoginPageTest" name="loginPageTiTleTest" time="2.292"/>
  <testcase classname="com.crm.qa.testcases.LoginPageTest" name="loginTest" time="5.873"/>
  <testcase classname="com.crm.qa.testcases.HomePageTest" name="verifyHomePageTitleTest" time="0.012"/>
  <testcase classname="com.crm.qa.testcases.HomePageTest" name="verifyUserNameTest" time="2.276"/>
  <testcase classname="com.crm.qa.testcases.HomePageTest" name="verifyContactsLinkTest" time="2.498"/>
  <testcase classname="com.crm.qa.testcases.HomePageTest" name="verifyDelasLinkTest" time="2.499"/>
  <testcase classname="com.crm.qa.testcases.HomePageTest" name="verifyTasksLinkTest" time="2.361"/>
  <testcase classname="com.crm.qa.testcases.ContactsPagTest" name="verifyContactsPageLabelTest" time="0.297"/>
  <testcase classname="com.crm.qa.testcases.ContactsPagTest" name="selectSinglecontactsTest" time="0.595"/>
  <testcase classname="com.crm.qa.testcases.ContactsPagTest" name="selectMultiplecontactsTest" time="0.918"/>
  <testcase classname="com.crm.qa.testcases.ContactsPagTest" name="validateCreateNewContact" time="6.468"/>
</testsuite> <!-- Free CRM App Test Cases -->
